RXSDK/RXSDK-Android/rxsdk_unifypay/build/intermediates/manifest_merge_blame_file/debug/manifest-merger-blame-debug-report.txt
1<?xml version="1.0" encoding="utf-8"?>
2<manifest xmlns:android="http://schemas.android.com/apk/res/android"
3    package="com.ruixue.plugin.unifypay" >
4
5    <uses-sdk android:minSdkVersion="21" />
5-->src/main/AndroidManifest.xml
6
7    <uses-permission android:name="android.permission.ACCESS_WIFI_STATE" />
7-->src/main/AndroidManifest.xml:5:5-76
7-->src/main/AndroidManifest.xml:5:22-73
8    <uses-permission android:name="android.permission.ACCESS_NETWORK_STATE" />
8-->src/main/AndroidManifest.xml:6:5-79
8-->src/main/AndroidManifest.xml:6:22-76
9    <uses-permission android:name="android.permission.CHANGE_WIFI_STATE" />
9-->src/main/AndroidManifest.xml:7:5-76
9-->src/main/AndroidManifest.xml:7:22-73
10    <uses-permission android:name="android.permission.INTERNET" />
10-->src/main/AndroidManifest.xml:8:5-67
10-->src/main/AndroidManifest.xml:8:22-64
11    <uses-permission android:name="android.permission.WAKE_LOCK" /> <!-- 在SDCard中创建与删除文件权限 -->
11-->src/main/AndroidManifest.xml:9:5-68
11-->src/main/AndroidManifest.xml:9:22-65
12    <uses-permission android:name="android.permission.WRITE_EXTERNAL_STORAGE" /> <!-- Optional for location -->
12-->src/main/AndroidManifest.xml:10:5-81
12-->src/main/AndroidManifest.xml:10:22-78
13    <uses-permission android:name="android.permission.CHANGE_NETWORK_STATE" />
13-->src/main/AndroidManifest.xml:11:5-79
13-->src/main/AndroidManifest.xml:11:22-76
14    <uses-permission android:name="android.permission.READ_PHONE_STATE" />
14-->src/main/AndroidManifest.xml:13:5-75
14-->src/main/AndroidManifest.xml:13:22-72
15    <uses-permission android:name="android.permission.NFC" />
15-->src/main/AndroidManifest.xml:14:5-62
15-->src/main/AndroidManifest.xml:14:22-59
16    <uses-permission android:name="org.simalliance.openmobileapi.SMARTCARD" />
16-->src/main/AndroidManifest.xml:15:5-79
16-->src/main/AndroidManifest.xml:15:22-76
17
18    <queries>
18-->src/main/AndroidManifest.xml:48:5-55:15
19        <package android:name="com.eg.android.AlipayGphone" />
19-->src/main/AndroidManifest.xml:49:9-63
19-->src/main/AndroidManifest.xml:49:18-60
20        <package android:name="com.eg.android.AlipayGphoneRC" />
20-->src/main/AndroidManifest.xml:50:9-65
20-->src/main/AndroidManifest.xml:50:18-62
21        <package android:name="hk.alipay.wallet" />
21-->src/main/AndroidManifest.xml:51:9-52
21-->src/main/AndroidManifest.xml:51:18-49
22        <!-- Android 11 微信分享无法拉起问题 -->
23        <package android:name="com.tencent.mm" />
23-->src/main/AndroidManifest.xml:53:9-50
23-->src/main/AndroidManifest.xml:53:18-47
24        <package android:name="com.unionpay" />
24-->src/main/AndroidManifest.xml:54:9-48
24-->src/main/AndroidManifest.xml:54:18-45
25`
26    </queries>
27
28    <application>
28-->src/main/AndroidManifest.xml:17:5-47:19
29        <meta-data
29-->src/main/AndroidManifest.xml:18:9-20:74
30            android:name="RX_PLUGIN_PAY_UNIFYPAY"
30-->src/main/AndroidManifest.xml:19:13-50
31            android:value="com.ruixue.plugin.unifypay.UPPaySdkWrapper" />
31-->src/main/AndroidManifest.xml:20:13-71
32        <meta-data
32-->src/main/AndroidManifest.xml:22:9-24:36
33            android:name="CurrentEnvironment"
33-->src/main/AndroidManifest.xml:23:13-46
34            android:value="PROD" /> <!-- PROD or TEST -->
34-->src/main/AndroidManifest.xml:24:13-33
35
36        <meta-data
36-->src/main/AndroidManifest.xml:26:9-28:36
37            android:name="PPPaySDK"
37-->src/main/AndroidManifest.xml:27:13-36
38            android:value="true" />
38-->src/main/AndroidManifest.xml:28:13-33
39
40        <uses-library
40-->src/main/AndroidManifest.xml:29:9-31:40
41            android:name="org.simalliance.openmobileapi"
41-->src/main/AndroidManifest.xml:30:13-57
42            android:required="false" />
42-->src/main/AndroidManifest.xml:31:13-37
43
44        <activity
44-->src/main/AndroidManifest.xml:33:9-39:58
45            android:name="com.unionpay.uppay.PayActivity"
45-->src/main/AndroidManifest.xml:34:13-58
46            android:configChanges="orientation|keyboardHidden"
46-->src/main/AndroidManifest.xml:35:13-63
47            android:excludeFromRecents="true"
47-->src/main/AndroidManifest.xml:36:13-46
48            android:screenOrientation="portrait"
48-->src/main/AndroidManifest.xml:37:13-49
49            android:theme="@android:style/Theme.Dialog"
49-->src/main/AndroidManifest.xml:38:13-56
50            android:windowSoftInputMode="adjustResize" />
50-->src/main/AndroidManifest.xml:39:13-55
51        <activity
51-->src/main/AndroidManifest.xml:40:9-45:58
52            android:name="com.unionpay.UPPayWapActivity"
52-->src/main/AndroidManifest.xml:41:13-57
53            android:configChanges="orientation|keyboardHidden"
53-->src/main/AndroidManifest.xml:42:13-63
54            android:screenOrientation="portrait"
54-->src/main/AndroidManifest.xml:43:13-49
55            android:theme="@android:style/Theme.Dialog"
55-->src/main/AndroidManifest.xml:44:13-56
56            android:windowSoftInputMode="adjustResize" />
56-->src/main/AndroidManifest.xml:45:13-55
57    </application>
58
59</manifest>